Determining if the Q_WS_WIN exist failed with the following output:
Change Dir: /home/uicmvl/BitBucketRepo/object-recognition/QTprojects/HarrisKeypoints/build/CMakeFiles/CMakeTmp

Run Build Command:/usr/bin/make "cmTryCompileExec2955207666/fast"
/usr/bin/make -f CMakeFiles/cmTryCompileExec2955207666.dir/build.make CMakeFiles/cmTryCompileExec2955207666.dir/build
make[1]: Entering directory `/home/uicmvl/BitBucketRepo/object-recognition/QTprojects/HarrisKeypoints/build/CMakeFiles/CMakeTmp'
/usr/bin/cmake -E cmake_progress_report /home/uicmvl/BitBucketRepo/object-recognition/QTprojects/HarrisKeypoints/build/CMakeFiles/CMakeTmp/CMakeFiles 1
Building CXX object CMakeFiles/cmTryCompileExec2955207666.dir/CheckSymbolExists.cxx.o
/usr/bin/c++    -I/usr/include/qt4    -o CMakeFiles/cmTryCompileExec2955207666.dir/CheckSymbolExists.cxx.o -c /home/uicmvl/BitBucketRepo/object-recognition/QTprojects/HarrisKeypoints/build/CMakeFiles/CMakeTmp/CheckSymbolExists.cxx
/home/uicmvl/BitBucketRepo/object-recognition/QTprojects/HarrisKeypoints/build/CMakeFiles/CMakeTmp/CheckSymbolExists.cxx: In function ‘int main(int, char**)’:
/home/uicmvl/BitBucketRepo/object-recognition/QTprojects/HarrisKeypoints/build/CMakeFiles/CMakeTmp/CheckSymbolExists.cxx:8:19: error: ‘Q_WS_WIN’ was not declared in this scope
   return ((int*)(&Q_WS_WIN))[argc];
                   ^
make[1]: Leaving directory `/home/uicmvl/BitBucketRepo/object-recognition/QTprojects/HarrisKeypoints/build/CMakeFiles/CMakeTmp'
make[1]: *** [CMakeFiles/cmTryCompileExec2955207666.dir/CheckSymbolExists.cxx.o] Error 1
make: *** [cmTryCompileExec2955207666/fast] Error 2

File /home/uicmvl/BitBucketRepo/object-recognition/QTprojects/HarrisKeypoints/build/CMakeFiles/CMakeTmp/CheckSymbolExists.cxx:
/* */
#include <QtCore/qglobal.h>

int main(int argc, char** argv)
{
  (void)argv;
#ifndef Q_WS_WIN
  return ((int*)(&Q_WS_WIN))[argc];
#else
  (void)argc;
  return 0;
#endif
}

Determining if the Q_WS_QWS exist failed with the following output:
Change Dir: /home/uicmvl/BitBucketRepo/object-recognition/QTprojects/HarrisKeypoints/build/CMakeFiles/CMakeTmp

Run Build Command:/usr/bin/make "cmTryCompileExec546501422/fast"
/usr/bin/make -f CMakeFiles/cmTryCompileExec546501422.dir/build.make CMakeFiles/cmTryCompileExec546501422.dir/build
make[1]: Entering directory `/home/uicmvl/BitBucketRepo/object-recognition/QTprojects/HarrisKeypoints/build/CMakeFiles/CMakeTmp'
/usr/bin/cmake -E cmake_progress_report /home/uicmvl/BitBucketRepo/object-recognition/QTprojects/HarrisKeypoints/build/CMakeFiles/CMakeTmp/CMakeFiles 1
Building CXX object CMakeFiles/cmTryCompileExec546501422.dir/CheckSymbolExists.cxx.o
/usr/bin/c++    -I/usr/include/qt4    -o CMakeFiles/cmTryCompileExec546501422.dir/CheckSymbolExists.cxx.o -c /home/uicmvl/BitBucketRepo/object-recognition/QTprojects/HarrisKeypoints/build/CMakeFiles/CMakeTmp/CheckSymbolExists.cxx
/home/uicmvl/BitBucketRepo/object-recognition/QTprojects/HarrisKeypoints/build/CMakeFiles/CMakeTmp/CheckSymbolExists.cxx: In function ‘int main(int, char**)’:
/home/uicmvl/BitBucketRepo/object-recognition/QTprojects/HarrisKeypoints/build/CMakeFiles/CMakeTmp/CheckSymbolExists.cxx:8:19: error: ‘Q_WS_QWS’ was not declared in this scope
   return ((int*)(&Q_WS_QWS))[argc];
                   ^
make[1]: *** [CMakeFiles/cmTryCompileExec546501422.dir/CheckSymbolExists.cxx.o] Error 1
make[1]: Leaving directory `/home/uicmvl/BitBucketRepo/object-recognition/QTprojects/HarrisKeypoints/build/CMakeFiles/CMakeTmp'
make: *** [cmTryCompileExec546501422/fast] Error 2

File /home/uicmvl/BitBucketRepo/object-recognition/QTprojects/HarrisKeypoints/build/CMakeFiles/CMakeTmp/CheckSymbolExists.cxx:
/* */
#include <QtCore/qglobal.h>

int main(int argc, char** argv)
{
  (void)argv;
#ifndef Q_WS_QWS
  return ((int*)(&Q_WS_QWS))[argc];
#else
  (void)argc;
  return 0;
#endif
}

Determining if the Q_WS_MAC exist failed with the following output:
Change Dir: /home/uicmvl/BitBucketRepo/object-recognition/QTprojects/HarrisKeypoints/build/CMakeFiles/CMakeTmp

Run Build Command:/usr/bin/make "cmTryCompileExec1801825662/fast"
/usr/bin/make -f CMakeFiles/cmTryCompileExec1801825662.dir/build.make CMakeFiles/cmTryCompileExec1801825662.dir/build
make[1]: Entering directory `/home/uicmvl/BitBucketRepo/object-recognition/QTprojects/HarrisKeypoints/build/CMakeFiles/CMakeTmp'
/usr/bin/cmake -E cmake_progress_report /home/uicmvl/BitBucketRepo/object-recognition/QTprojects/HarrisKeypoints/build/CMakeFiles/CMakeTmp/CMakeFiles 1
Building CXX object CMakeFiles/cmTryCompileExec1801825662.dir/CheckSymbolExists.cxx.o
/usr/bin/c++    -I/usr/include/qt4    -o CMakeFiles/cmTryCompileExec1801825662.dir/CheckSymbolExists.cxx.o -c /home/uicmvl/BitBucketRepo/object-recognition/QTprojects/HarrisKeypoints/build/CMakeFiles/CMakeTmp/CheckSymbolExists.cxx
/home/uicmvl/BitBucketRepo/object-recognition/QTprojects/HarrisKeypoints/build/CMakeFiles/CMakeTmp/CheckSymbolExists.cxx: In function ‘int main(int, char**)’:
/home/uicmvl/BitBucketRepo/object-recognition/QTprojects/HarrisKeypoints/build/CMakeFiles/CMakeTmp/CheckSymbolExists.cxx:8:19: error: ‘Q_WS_MAC’ was not declared in this scope
   return ((int*)(&Q_WS_MAC))[argc];
                   ^
make[1]: *** [CMakeFiles/cmTryCompileExec1801825662.dir/CheckSymbolExists.cxx.o] Error 1
make[1]: Leaving directory `/home/uicmvl/BitBucketRepo/object-recognition/QTprojects/HarrisKeypoints/build/CMakeFiles/CMakeTmp'
make: *** [cmTryCompileExec1801825662/fast] Error 2

File /home/uicmvl/BitBucketRepo/object-recognition/QTprojects/HarrisKeypoints/build/CMakeFiles/CMakeTmp/CheckSymbolExists.cxx:
/* */
#include <QtCore/qglobal.h>

int main(int argc, char** argv)
{
  (void)argv;
#ifndef Q_WS_MAC
  return ((int*)(&Q_WS_MAC))[argc];
#else
  (void)argc;
  return 0;
#endif
}

