Determining if the Q_WS_WIN exist failed with the following output:
Change Dir: /home/uicmvl/BitBucketRepo/object-recognition/QTprojects/CloudProcessor/build/CMakeFiles/CMakeTmp

Run Build Command:/usr/bin/make "cmTryCompileExec2068181531/fast"
/usr/bin/make -f CMakeFiles/cmTryCompileExec2068181531.dir/build.make CMakeFiles/cmTryCompileExec2068181531.dir/build
make[1]: Entering directory `/home/uicmvl/BitBucketRepo/object-recognition/QTprojects/CloudProcessor/build/CMakeFiles/CMakeTmp'
/usr/bin/cmake -E cmake_progress_report /home/uicmvl/BitBucketRepo/object-recognition/QTprojects/CloudProcessor/build/CMakeFiles/CMakeTmp/CMakeFiles 1
Building CXX object CMakeFiles/cmTryCompileExec2068181531.dir/CheckSymbolExists.cxx.o
/usr/bin/c++    -I/usr/include/qt4    -o CMakeFiles/cmTryCompileExec2068181531.dir/CheckSymbolExists.cxx.o -c /home/uicmvl/BitBucketRepo/object-recognition/QTprojects/CloudProcessor/build/CMakeFiles/CMakeTmp/CheckSymbolExists.cxx
/home/uicmvl/BitBucketRepo/object-recognition/QTprojects/CloudProcessor/build/CMakeFiles/CMakeTmp/CheckSymbolExists.cxx: In function ‘int main(int, char**)’:
/home/uicmvl/BitBucketRepo/object-recognition/QTprojects/CloudProcessor/build/CMakeFiles/CMakeTmp/CheckSymbolExists.cxx:8:19: error: ‘Q_WS_WIN’ was not declared in this scope
   return ((int*)(&Q_WS_WIN))[argc];
                   ^
make[1]: *** [CMakeFiles/cmTryCompileExec2068181531.dir/CheckSymbolExists.cxx.o] Error 1
make[1]: Leaving directory `/home/uicmvl/BitBucketRepo/object-recognition/QTprojects/CloudProcessor/build/CMakeFiles/CMakeTmp'
make: *** [cmTryCompileExec2068181531/fast] Error 2

File /home/uicmvl/BitBucketRepo/object-recognition/QTprojects/CloudProcessor/build/CMakeFiles/CMakeTmp/CheckSymbolExists.cxx:
/* */
#include <QtCore/qglobal.h>

int main(int argc, char** argv)
{
  (void)argv;
#ifndef Q_WS_WIN
  return ((int*)(&Q_WS_WIN))[argc];
#else
  (void)argc;
  return 0;
#endif
}

Determining if the Q_WS_QWS exist failed with the following output:
Change Dir: /home/uicmvl/BitBucketRepo/object-recognition/QTprojects/CloudProcessor/build/CMakeFiles/CMakeTmp

Run Build Command:/usr/bin/make "cmTryCompileExec3459754886/fast"
/usr/bin/make -f CMakeFiles/cmTryCompileExec3459754886.dir/build.make CMakeFiles/cmTryCompileExec3459754886.dir/build
make[1]: Entering directory `/home/uicmvl/BitBucketRepo/object-recognition/QTprojects/CloudProcessor/build/CMakeFiles/CMakeTmp'
/usr/bin/cmake -E cmake_progress_report /home/uicmvl/BitBucketRepo/object-recognition/QTprojects/CloudProcessor/build/CMakeFiles/CMakeTmp/CMakeFiles 1
Building CXX object CMakeFiles/cmTryCompileExec3459754886.dir/CheckSymbolExists.cxx.o
/usr/bin/c++    -I/usr/include/qt4    -o CMakeFiles/cmTryCompileExec3459754886.dir/CheckSymbolExists.cxx.o -c /home/uicmvl/BitBucketRepo/object-recognition/QTprojects/CloudProcessor/build/CMakeFiles/CMakeTmp/CheckSymbolExists.cxx
/home/uicmvl/BitBucketRepo/object-recognition/QTprojects/CloudProcessor/build/CMakeFiles/CMakeTmp/CheckSymbolExists.cxx: In function ‘int main(int, char**)’:
/home/uicmvl/BitBucketRepo/object-recognition/QTprojects/CloudProcessor/build/CMakeFiles/CMakeTmp/CheckSymbolExists.cxx:8:19: error: ‘Q_WS_QWS’ was not declared in this scope
   return ((int*)(&Q_WS_QWS))[argc];
                   ^
make[1]: Leaving directory `/home/uicmvl/BitBucketRepo/object-recognition/QTprojects/CloudProcessor/build/CMakeFiles/CMakeTmp'
make[1]: *** [CMakeFiles/cmTryCompileExec3459754886.dir/CheckSymbolExists.cxx.o] Error 1
make: *** [cmTryCompileExec3459754886/fast] Error 2

File /home/uicmvl/BitBucketRepo/object-recognition/QTprojects/CloudProcessor/build/CMakeFiles/CMakeTmp/CheckSymbolExists.cxx:
/* */
#include <QtCore/qglobal.h>

int main(int argc, char** argv)
{
  (void)argv;
#ifndef Q_WS_QWS
  return ((int*)(&Q_WS_QWS))[argc];
#else
  (void)argc;
  return 0;
#endif
}

Determining if the Q_WS_MAC exist failed with the following output:
Change Dir: /home/uicmvl/BitBucketRepo/object-recognition/QTprojects/CloudProcessor/build/CMakeFiles/CMakeTmp

Run Build Command:/usr/bin/make "cmTryCompileExec372875427/fast"
/usr/bin/make -f CMakeFiles/cmTryCompileExec372875427.dir/build.make CMakeFiles/cmTryCompileExec372875427.dir/build
make[1]: Entering directory `/home/uicmvl/BitBucketRepo/object-recognition/QTprojects/CloudProcessor/build/CMakeFiles/CMakeTmp'
/usr/bin/cmake -E cmake_progress_report /home/uicmvl/BitBucketRepo/object-recognition/QTprojects/CloudProcessor/build/CMakeFiles/CMakeTmp/CMakeFiles 1
Building CXX object CMakeFiles/cmTryCompileExec372875427.dir/CheckSymbolExists.cxx.o
/usr/bin/c++    -I/usr/include/qt4    -o CMakeFiles/cmTryCompileExec372875427.dir/CheckSymbolExists.cxx.o -c /home/uicmvl/BitBucketRepo/object-recognition/QTprojects/CloudProcessor/build/CMakeFiles/CMakeTmp/CheckSymbolExists.cxx
/home/uicmvl/BitBucketRepo/object-recognition/QTprojects/CloudProcessor/build/CMakeFiles/CMakeTmp/CheckSymbolExists.cxx: In function ‘int main(int, char**)’:
/home/uicmvl/BitBucketRepo/object-recognition/QTprojects/CloudProcessor/build/CMakeFiles/CMakeTmp/CheckSymbolExists.cxx:8:19: error: ‘Q_WS_MAC’ was not declared in this scope
   return ((int*)(&Q_WS_MAC))[argc];
                   ^
make[1]: *** [CMakeFiles/cmTryCompileExec372875427.dir/CheckSymbolExists.cxx.o] Error 1
make[1]: Leaving directory `/home/uicmvl/BitBucketRepo/object-recognition/QTprojects/CloudProcessor/build/CMakeFiles/CMakeTmp'
make: *** [cmTryCompileExec372875427/fast] Error 2

File /home/uicmvl/BitBucketRepo/object-recognition/QTprojects/CloudProcessor/build/CMakeFiles/CMakeTmp/CheckSymbolExists.cxx:
/* */
#include <QtCore/qglobal.h>

int main(int argc, char** argv)
{
  (void)argv;
#ifndef Q_WS_MAC
  return ((int*)(&Q_WS_MAC))[argc];
#else
  (void)argc;
  return 0;
#endif
}

